<?xml version="1.0" encoding="UTF-8" ?>
<testsuite tests="4" failures="0" name="org.example.MainTest" time="0.016" errors="0" skipped="0">
  <properties>
[...]
</properties>
  <testcase classname="org.example.MainTest" name="testisIncreasePartyVote" time="0.009"/>
  <testcase classname="org.example.MainTest" name="testisAddedInStaticListOfPartiesWhenIncreaseMethodIsInvoked" time="0"/>
  <testcase classname="org.example.MainTest" name="testisDecreasePartyVote" time="0"/>
  <testcase classname="org.example.MainTest" name="testwhenNoPartyMatchWithTheParameterGiveMessageAndReturnZero" time="0.007"/>
</testsuite>